<?xml version="1.0" encoding="UTF-8"?>
<testng-results ignored="0" total="1" passed="1" failed="0" skipped="0">
  <reporter-output>
  </reporter-output>
  <suite started-at="2023-11-20T05:02:46Z" name="Default suite" finished-at="2023-11-20T05:02:52Z" duration-ms="6782">
    <groups>
    </groups>
    <test started-at="2023-11-20T05:02:46Z" name="Default test" finished-at="2023-11-20T05:02:52Z" duration-ms="6782">
      <class name="allcostco.Home">
        <test-method signature="openBrowser()[pri:0, instance:allcostco.Home@74589991]" started-at="2023-11-20T05:02:46Z" name="openBrowser" finished-at="2023-11-20T05:02:52Z" duration-ms="6763" status="PASS">
          <reporter-output>
          </reporter-output>
        </test-method> <!-- openBrowser -->
      </class> <!-- allcostco.Home -->
    </test> <!-- Default test -->
  </suite> <!-- Default suite -->
</testng-results>
